2018-02-04 17:17:37 - access - ERROR - 账户 [100] 输入错误次数过多，系统退出！
2018-02-04 17:45:42 - access - ERROR -  [a] 输入错误次数过多，系统退出！
2018-02-04 17:49:06 - access - ERROR - Your account [1005] is not a admin,please use a admin account to login system
2018-02-04 17:53:39 - access - ERROR -  [a] have try too many attempts,System exit!
2018-02-04 17:54:15 - access - ERROR -  [1005] have try too many attempts,System exit!
2018-02-04 17:54:26 - access - ERROR -  [admin] have try too many attempts,System exit!
2018-02-04 17:54:36 - access - ERROR -  [1005] have try too many attempts,System exit!
2018-02-04 18:01:20 - access - ERROR -  [adminj] have try too many attempts,System exit!
2018-02-04 18:01:47 - access - ERROR -  [admin] have try too many attempts,System exit!
2018-02-05 11:12:00 - access - ERROR -  [admin] have try too many attempts,System exit!
2018-02-05 11:13:13 - access - ERROR -  [admin] have try too many attempts,System exit!
2018-02-05 11:18:19 - access - ERROR -  [admins] have try too many attempts,System exit!
2018-02-05 13:41:02 - access - ERROR -  [admin] have try too many attempts,System exit!
2018-02-05 13:41:21 - access - ERROR -  [admin] have try too many attempts,System exit!
2018-02-05 13:42:44 - access - ERROR -  [admin] have try too many attempts,System exit!
2018-02-05 13:46:45 - access - ERROR -  [admins] have try too many attempts,System exit!
2018-02-05 15:23:52 - access - ERROR -  [admin] have try too many attempts,System exit!
2018-02-05 15:25:01 - access - ERROR -  [admins] have try too many attempts,System exit!
2018-02-05 15:36:01 - access - ERROR -  [1001] have try too many attempts,System exit!
2018-02-05 17:28:23 - access - ERROR - Your account [100] is not a admin,please use a admin account to login system
2018-02-05 17:54:59 - access - ERROR -  [101] have try too many attempts,System exit!
