2018-02-03 18:01:57 - transaction - INFO - accounts:100   action:transfer   amount:1000.0   interest:50.0 
2018-02-03 18:01:57 - transaction - INFO - accounts:1001   action:receive   amount:1000.0   interest:0.0 
2018-02-04 16:30:36 - transaction - INFO - accounts:100   action:repay   amount:2000.0   interest:0.0 
2018-02-04 16:30:49 - transaction - INFO - accounts:100   action:withdraw   amount:100.0   interest:5.0 
2018-02-04 16:31:05 - transaction - INFO - accounts:100   action:transfer   amount:500.0   interest:25.0 
2018-02-04 16:31:05 - transaction - INFO - accounts:1001   action:receive   amount:500.0   interest:0.0 
2018-02-04 16:31:16 - transaction - INFO - accounts:100   action:save   amount:30.0   interest:0.0 
2018-02-04 17:26:23 - transaction - INFO - accounts:1003   action:repay   amount:5.0   interest:0.0 
2018-02-04 17:26:26 - transaction - INFO - accounts:1003   action:repay   amount:15000.0   interest:0.0 
2018-02-04 17:29:14 - transaction - INFO - accounts:1003   action:transfer   amount:1500.0   interest:75.0 
2018-02-04 17:29:14 - transaction - INFO - accounts:1002   action:receive   amount:1500.0   interest:0.0 
2018-02-05 15:37:17 - transaction - INFO - accounts:1001   action:save   amount:1000.0   interest:0.0 
2018-02-05 15:37:24 - transaction - INFO - accounts:1001   action:save   amount:1.0   interest:0.0 
2018-02-05 15:37:49 - transaction - INFO - accounts:1001   action:transfer   amount:500.0   interest:25.0 
2018-02-05 15:37:49 - transaction - INFO - accounts:1002   action:receive   amount:500.0   interest:0.0 
2018-02-05 15:46:33 - transaction - INFO - accounts:1005   action:transfer   amount:1500.0   interest:75.0 
2018-02-05 15:46:33 - transaction - INFO - accounts:1006   action:receive   amount:1500.0   interest:0.0 
2018-02-05 15:47:18 - transaction - INFO - accounts:1006   action:transfer   amount:130.0   interest:6.5 
2018-02-05 15:47:18 - transaction - INFO - accounts:1005   action:receive   amount:130.0   interest:0.0 
2018-02-26 13:23:49 - transaction - INFO - accounts:100   action:transfer   amount:1000.0   interest:50.0 
2018-02-26 13:23:49 - transaction - INFO - accounts:1001   action:receive   amount:1000.0   interest:0.0 
2018-02-26 13:23:59 - transaction - INFO - accounts:100   action:save   amount:2500.0   interest:0.0 
2018-02-26 13:24:49 - transaction - INFO - accounts:100   action:withdraw   amount:650.0   interest:32.5 
