2017-12-25 02:49:58 PM456
2017-12-25 02:49:58 PMb'User [\xe8\x8b\x8f\xe4\xbf\x8a\xe5\xb3\xb0] attempt wrong password 3 times'
2017-12-25 02:49:58 PMerror msg
2017-12-25 02:49:58 PMserver is down
2017-12-25 02:49:59 PM456
2017-12-25 02:49:59 PMb'User [\xe8\x8b\x8f\xe4\xbf\x8a\xe5\xb3\xb0] attempt wrong password 3 times'
2017-12-25 02:49:59 PMerror msg
2017-12-25 02:49:59 PMserver is down
2017-12-25 02:50:00 PM456
2017-12-25 02:50:00 PMb'User [\xe8\x8b\x8f\xe4\xbf\x8a\xe5\xb3\xb0] attempt wrong password 3 times'
2017-12-25 02:50:00 PMerror msg
2017-12-25 02:50:00 PMserver is down
2017-12-25 02:50:27 456
2017-12-25 02:50:27 b'User [\xe8\x8b\x8f\xe4\xbf\x8a\xe5\xb3\xb0] attempt wrong password 3 times'
2017-12-25 02:50:27 error msg
2017-12-25 02:50:27 server is down
2017-12-25 02:50:27 456
2017-12-25 02:50:27 b'User [\xe8\x8b\x8f\xe4\xbf\x8a\xe5\xb3\xb0] attempt wrong password 3 times'
2017-12-25 02:50:27 error msg
2017-12-25 02:50:27 server is down
2017-12-25 02:50:27 456
2017-12-25 02:50:27 b'User [\xe8\x8b\x8f\xe4\xbf\x8a\xe5\xb3\xb0] attempt wrong password 3 times'
2017-12-25 02:50:27 error msg
2017-12-25 02:50:27 server is down
2017-12-25 02:50:27 456
2017-12-25 02:50:27 b'User [\xe8\x8b\x8f\xe4\xbf\x8a\xe5\xb3\xb0] attempt wrong password 3 times'
2017-12-25 02:50:27 error msg
2017-12-25 02:50:27 server is down
2017-12-25 02:50:27 456
2017-12-25 02:50:27 b'User [\xe8\x8b\x8f\xe4\xbf\x8a\xe5\xb3\xb0] attempt wrong password 3 times'
2017-12-25 02:50:27 error msg
2017-12-25 02:50:27 server is down
2017-12-25 03:44:15 20456
2017-12-25 03:44:15 30b'User [\xe8\x8b\x8f\xe4\xbf\x8a\xe5\xb3\xb0] attempt wrong password 3 times'
2017-12-25 03:44:15 40error msg
2017-12-25 03:44:15 50server is down
2017-12-25 03:44:16 20456
2017-12-25 03:44:16 30b'User [\xe8\x8b\x8f\xe4\xbf\x8a\xe5\xb3\xb0] attempt wrong password 3 times'
2017-12-25 03:44:16 40error msg
2017-12-25 03:44:16 50server is down
2017-12-25 03:44:16 20456
2017-12-25 03:44:16 30b'User [\xe8\x8b\x8f\xe4\xbf\x8a\xe5\xb3\xb0] attempt wrong password 3 times'
2017-12-25 03:44:16 40error msg
2017-12-25 03:44:16 50server is down
2017-12-25 03:45:21 INFO456
2017-12-25 03:45:21 WARNINGb'User [\xe8\x8b\x8f\xe4\xbf\x8a\xe5\xb3\xb0] attempt wrong password 3 times'
2017-12-25 03:45:21 ERRORerror msg
2017-12-25 03:45:21 CRITICALserver is down
2017-12-25 03:45:21 INFO456
2017-12-25 03:45:21 WARNINGb'User [\xe8\x8b\x8f\xe4\xbf\x8a\xe5\xb3\xb0] attempt wrong password 3 times'
2017-12-25 03:45:21 ERRORerror msg
2017-12-25 03:45:21 CRITICALserver is down
2017-12-25 03:45:21 INFO456
2017-12-25 03:45:21 WARNINGb'User [\xe8\x8b\x8f\xe4\xbf\x8a\xe5\xb3\xb0] attempt wrong password 3 times'
2017-12-25 03:45:21 ERRORerror msg
2017-12-25 03:45:21 CRITICALserver is down
2017-12-25 03:46:06  INFO 456
2017-12-25 03:46:06  WARNING b'User [\xe8\x8b\x8f\xe4\xbf\x8a\xe5\xb3\xb0] attempt wrong password 3 times'
2017-12-25 03:46:06  ERROR error msg
2017-12-25 03:46:06  CRITICAL server is down
2017-12-25 03:46:07  INFO 456
2017-12-25 03:46:07  WARNING b'User [\xe8\x8b\x8f\xe4\xbf\x8a\xe5\xb3\xb0] attempt wrong password 3 times'
2017-12-25 03:46:07  ERROR error msg
2017-12-25 03:46:07  CRITICAL server is down
2017-12-25 03:46:07  INFO 456
2017-12-25 03:46:07  WARNING b'User [\xe8\x8b\x8f\xe4\xbf\x8a\xe5\xb3\xb0] attempt wrong password 3 times'
2017-12-25 03:46:07  ERROR error msg
2017-12-25 03:46:07  CRITICAL server is down
2017-12-25 03:46:38 INFO 456
2017-12-25 03:46:38 WARNING b'User [\xe8\x8b\x8f\xe4\xbf\x8a\xe5\xb3\xb0] attempt wrong password 3 times'
2017-12-25 03:46:38 ERROR error msg
2017-12-25 03:46:38 CRITICAL server is down
2017-12-25 03:46:39 INFO 456
2017-12-25 03:46:39 WARNING b'User [\xe8\x8b\x8f\xe4\xbf\x8a\xe5\xb3\xb0] attempt wrong password 3 times'
2017-12-25 03:46:39 ERROR error msg
2017-12-25 03:46:39 CRITICAL server is down
2017-12-25 03:46:39 INFO 456
2017-12-25 03:46:39 WARNING b'User [\xe8\x8b\x8f\xe4\xbf\x8a\xe5\xb3\xb0] attempt wrong password 3 times'
2017-12-25 03:46:39 ERROR error msg
2017-12-25 03:46:39 CRITICAL server is down
2017-12-25 03:47:29 INFO  logging模块代码.py 456
2017-12-25 03:47:29 WARNING  logging模块代码.py b'User [\xe8\x8b\x8f\xe4\xbf\x8a\xe5\xb3\xb0] attempt wrong password 3 times'
2017-12-25 03:47:29 ERROR  logging模块代码.py error msg
2017-12-25 03:47:29 CRITICAL  logging模块代码.py server is down
2017-12-25 03:47:29 INFO  logging模块代码.py 456
2017-12-25 03:47:29 WARNING  logging模块代码.py b'User [\xe8\x8b\x8f\xe4\xbf\x8a\xe5\xb3\xb0] attempt wrong password 3 times'
2017-12-25 03:47:29 ERROR  logging模块代码.py error msg
2017-12-25 03:47:29 CRITICAL  logging模块代码.py server is down
2017-12-25 03:47:30 INFO  logging模块代码.py 456
2017-12-25 03:47:30 WARNING  logging模块代码.py b'User [\xe8\x8b\x8f\xe4\xbf\x8a\xe5\xb3\xb0] attempt wrong password 3 times'
2017-12-25 03:47:30 ERROR  logging模块代码.py error msg
2017-12-25 03:47:30 CRITICAL  logging模块代码.py server is down
